<?xml version="1.0" encoding="UTF-8"?>
<!-- Generated by org.testng.reporters.JUnitReportReporter -->
<testsuite hostname="DESKTOP-OM7JNCE" failures="0" tests="1" name="AuthoraizationSchme.BearerToken_CreateRepo" time="4.078" errors="0" timestamp="2023-09-18T16:00:22 IST" skipped="0">
  <testcase classname="AuthoraizationSchme.BearerToken_CreateRepo" name="getAllRepo" time="4.078"/>
  <system-out/>
</testsuite> <!-- AuthoraizationSchme.BearerToken_CreateRepo -->
