<?xml version="1.0" encoding="UTF-8"?>
<!-- Generated by org.testng.reporters.JUnitReportReporter -->
<testsuite hostname="DESKTOP-OM7JNCE" failures="0" tests="1" name="SpotiffyAPI.Get_User_Details" time="3.477" errors="0" timestamp="2023-09-18T23:59:37 IST" skipped="0">
  <testcase classname="SpotiffyAPI.Get_User_Details" name="getUserDeatails" time="3.477"/>
  <system-out/>
</testsuite> <!-- SpotiffyAPI.Get_User_Details -->
