<?xml version="1.0" encoding="UTF-8"?>
<!-- Generated by org.testng.reporters.JUnitReportReporter -->
<testsuite hostname="DESKTOP-OM7JNCE" failures="0" tests="2" name="com.spotiffy.test.CreateAndGetPlaylistUsingReuseableMethod" time="14.683" errors="0" timestamp="2023-09-20T14:46:50 IST" skipped="0">
  <testcase classname="com.spotiffy.test.CreateAndGetPlaylistUsingReuseableMethod" name="creatPlaylist" time="13.136"/>
  <system-out/>
  <testcase classname="com.spotiffy.test.CreateAndGetPlaylistUsingReuseableMethod" name="getPlaylist" time="1.547"/>
  <system-out/>
</testsuite> <!-- com.spotiffy.test.CreateAndGetPlaylistUsingReuseableMethod -->
