<?xml version="1.0" encoding="UTF-8"?>
<!-- Generated by org.testng.reporters.JUnitReportReporter -->
<testsuite hostname="DESKTOP-OM7JNCE" failures="0" tests="1" name="SpotiffyAPI.Create_New_PlayList" time="4.033" errors="0" timestamp="2023-09-19T00:00:30 IST" skipped="0">
  <testcase classname="SpotiffyAPI.Create_New_PlayList" name="createNewPlaylist" time="4.033"/>
  <system-out/>
</testsuite> <!-- SpotiffyAPI.Create_New_PlayList -->
