<?xml version="1.0" encoding="UTF-8"?>
<!-- Generated by org.testng.reporters.JUnitReportReporter -->
<testsuite hostname="DESKTOP-OM7JNCE" failures="0" tests="1" name="BasicRequest.Get_AllWorkspaces" time="10.459" errors="0" timestamp="2023-09-05T15:25:18 IST" skipped="0">
  <testcase classname="BasicRequest.Get_AllWorkspaces" name="getAllWorkspace" time="10.459"/>
  <system-out/>
</testsuite> <!-- BasicRequest.Get_AllWorkspaces -->
