<?xml version="1.0" encoding="UTF-8"?>
<!-- Generated by org.testng.reporters.JUnitReportReporter -->
<testsuite hostname="DESKTOP-OM7JNCE" failures="0" tests="1" name="BasicRequest.Delete_RequestForWorkspace" time="5.627" errors="0" timestamp="2023-09-05T14:30:28 IST" skipped="0">
  <testcase classname="BasicRequest.Delete_RequestForWorkspace" name="deleteWorkspace" time="5.627"/>
  <system-out/>
</testsuite> <!-- BasicRequest.Delete_RequestForWorkspace -->
