<?xml version="1.0" encoding="UTF-8"?>
<!-- Generated by org.testng.reporters.JUnitReportReporter -->
<testsuite hostname="DESKTOP-OM7JNCE" failures="0" tests="1" name="FeatchData.FeatchDataFormComplexJson" time="68.325" errors="0" timestamp="2023-09-10T15:47:50 IST" skipped="0">
  <testcase classname="FeatchData.FeatchDataFormComplexJson" name="getUserId" time="68.325"/>
  <system-out/>
</testsuite> <!-- FeatchData.FeatchDataFormComplexJson -->
