<?xml version="1.0" encoding="UTF-8"?>
<!-- Generated by org.testng.reporters.JUnitReportReporter -->
<testsuite hostname="DESKTOP-OM7JNCE" failures="0" tests="1" name="FeatchData.GetDataFormReadyMadeJson" time="2.325" errors="0" timestamp="2023-09-11T10:10:29 IST" skipped="0">
  <testcase classname="FeatchData.GetDataFormReadyMadeJson" name="getData" time="2.325"/>
  <system-out/>
</testsuite> <!-- FeatchData.GetDataFormReadyMadeJson -->
