<?xml version="1.0" encoding="UTF-8"?>
<!-- Generated by org.testng.reporters.JUnitReportReporter -->
<testsuite hostname="DESKTOP-OM7JNCE" failures="0" tests="1" name="AuthoraizationSchme.BearerToken" time="4.572" errors="0" timestamp="2023-09-15T10:45:36 IST" skipped="0">
  <testcase classname="AuthoraizationSchme.BearerToken" name="getAllRepo" time="4.572"/>
  <system-out/>
</testsuite> <!-- AuthoraizationSchme.BearerToken -->
