<?xml version="1.0" encoding="UTF-8"?>
<!-- Generated by org.testng.reporters.JUnitReportReporter -->
<testsuite hostname="DESKTOP-OM7JNCE" failures="0" tests="1" name="BasicRequest.Delate_RequestForVaibhavWorkspace" time="8.411" errors="0" timestamp="2023-09-05T14:33:02 IST" skipped="0">
  <testcase classname="BasicRequest.Delate_RequestForVaibhavWorkspace" name="deleteRequest" time="8.411"/>
  <system-out/>
</testsuite> <!-- BasicRequest.Delate_RequestForVaibhavWorkspace -->
