<?xml version="1.0" encoding="UTF-8"?>
<!-- Generated by org.testng.reporters.JUnitReportReporter -->
<testsuite hostname="DESKTOP-OM7JNCE" failures="0" tests="1" name="SendingBodyAsObject.Get_Mock_Request" time="5.357" errors="0" timestamp="2023-09-11T23:23:44 IST" skipped="0">
  <testcase classname="SendingBodyAsObject.Get_Mock_Request" name="getRequest" time="5.357"/>
  <system-out/>
</testsuite> <!-- SendingBodyAsObject.Get_Mock_Request -->
