<?xml version="1.0" encoding="UTF-8"?>
<!-- Generated by org.testng.reporters.JUnitReportReporter -->
<testsuite hostname="DESKTOP-OM7JNCE" failures="0" tests="1" name="AuthoraizationSchme.APIKey" time="68.831" errors="0" timestamp="2023-09-18T10:25:09 IST" skipped="0">
  <testcase classname="AuthoraizationSchme.APIKey" name="getAllWorkspace" time="68.831"/>
  <system-out/>
</testsuite> <!-- AuthoraizationSchme.APIKey -->
