<?xml version="1.0" encoding="UTF-8"?>
<!-- Generated by org.testng.reporters.JUnitReportReporter -->
<testsuite hostname="DESKTOP-OM7JNCE" failures="0" tests="1" name="ReqAndRepSpecBulilder.ReqandRepoSpecBuliderclass" time="4.209" errors="0" timestamp="2023-09-20T12:17:12 IST" skipped="0">
  <testcase classname="ReqAndRepSpecBulilder.ReqandRepoSpecBuliderclass" name="getAllWorkspace" time="4.209"/>
  <system-out/>
</testsuite> <!-- ReqAndRepSpecBulilder.ReqandRepoSpecBuliderclass -->
