<?xml version="1.0" encoding="UTF-8"?>
<!-- Generated by org.testng.reporters.JUnitReportReporter -->
<testsuite hostname="DESKTOP-OM7JNCE" failures="0" tests="1" name="PathandQueryParameter.PathParameter" time="3.713" errors="0" timestamp="2023-07-03T12:20:34 IST" skipped="0">
  <testcase classname="PathandQueryParameter.PathParameter" name="getSingleUser" time="3.713"/>
  <system-out/>
</testsuite> <!-- PathandQueryParameter.PathParameter -->
