<?xml version="1.0" encoding="UTF-8"?>
<!-- Generated by org.testng.reporters.JUnitReportReporter -->
<testsuite hostname="DESKTOP-OM7JNCE" failures="0" tests="1" name="BasicRequest.featchDataFormVeryComplexJson" time="154.672" errors="0" timestamp="2023-06-27T20:14:27 IST" skipped="0">
  <testcase classname="BasicRequest.featchDataFormVeryComplexJson" name="getAllUser" time="154.672"/>
  <system-out/>
</testsuite> <!-- BasicRequest.featchDataFormVeryComplexJson -->
