<?xml version="1.0" encoding="UTF-8"?>
<!-- Generated by org.testng.reporters.JUnitReportReporter -->
<testsuite hostname="DESKTOP-OM7JNCE" failures="0" tests="1" name="UploadandDownload.UploadFile" time="5.981" errors="0" timestamp="2023-09-15T10:36:17 IST" skipped="0">
  <testcase classname="UploadandDownload.UploadFile" name="uploadIages" time="5.981"/>
  <system-out/>
</testsuite> <!-- UploadandDownload.UploadFile -->
