<?xml version="1.0" encoding="UTF-8"?>
<!-- Generated by org.testng.reporters.JUnitReportReporter -->
<testsuite hostname="DESKTOP-OM7JNCE" failures="0" tests="1" name="BasicRequest.Head_RequestForGet" time="9.852" errors="0" timestamp="2023-09-05T15:07:35 IST" skipped="0">
  <testcase classname="BasicRequest.Head_RequestForGet" name="headRequest" time="9.852"/>
  <system-out/>
</testsuite> <!-- BasicRequest.Head_RequestForGet -->
