<?xml version="1.0" encoding="UTF-8"?>
<!-- Generated by org.testng.reporters.JUnitReportReporter -->
<testsuite hostname="DESKTOP-OM7JNCE" failures="0" tests="1" name="SpotiffyAPI.Get_User_Playlists" time="4.164" errors="0" timestamp="2023-09-18T20:04:20 IST" skipped="0">
  <testcase classname="SpotiffyAPI.Get_User_Playlists" name="getUserPlaylists" time="4.164"/>
  <system-out/>
</testsuite> <!-- SpotiffyAPI.Get_User_Playlists -->
