<?xml version="1.0" encoding="UTF-8"?>
<!-- Generated by org.testng.reporters.JUnitReportReporter -->
<testsuite hostname="DESKTOP-OM7JNCE" failures="0" tests="1" name="BasicRequest.Put_ReuestforUpdate" time="5.676" errors="0" timestamp="2023-09-04T15:15:09 IST" skipped="0">
  <testcase classname="BasicRequest.Put_ReuestforUpdate" name="updateWorkSpace" time="5.676"/>
  <system-out/>
</testsuite> <!-- BasicRequest.Put_ReuestforUpdate -->
