<?xml version="1.0" encoding="UTF-8"?>
<!-- Generated by org.testng.reporters.JUnitReportReporter -->
<testsuite hostname="DESKTOP-OM7JNCE" failures="0" tests="1" name="FeatchData.FeatchDataFormVeryComplexJson" time="4.975" errors="0" timestamp="2023-09-11T09:01:46 IST" skipped="0">
  <testcase classname="FeatchData.FeatchDataFormVeryComplexJson" name="getAllUser" time="4.975"/>
  <system-out/>
</testsuite> <!-- FeatchData.FeatchDataFormVeryComplexJson -->
