<?xml version="1.0" encoding="UTF-8"?>
<!-- Generated by org.testng.reporters.JUnitReportReporter -->
<testsuite hostname="DESKTOP-OM7JNCE" failures="0" tests="1" name="BasicRequest.Get_SingleWorkspace" time="5.602" errors="0" timestamp="2023-08-24T20:17:24 IST" skipped="0">
  <testcase classname="BasicRequest.Get_SingleWorkspace" name="getSingleWorkspace" time="5.602"/>
  <system-out/>
</testsuite> <!-- BasicRequest.Get_SingleWorkspace -->
