<?xml version="1.0" encoding="UTF-8"?>
<!-- Generated by org.testng.reporters.JUnitReportReporter -->
<testsuite hostname="DESKTOP-OM7JNCE" failures="0" tests="1" name="BasicRequest.Post_CreateWorkspace" time="5.785" errors="0" timestamp="2023-09-04T14:47:46 IST" skipped="0">
  <testcase classname="BasicRequest.Post_CreateWorkspace" name="createNewWorkspace" time="5.785"/>
  <system-out/>
</testsuite> <!-- BasicRequest.Post_CreateWorkspace -->
