<?xml version="1.0" encoding="UTF-8"?>
<!-- Generated by org.testng.reporters.JUnitReportReporter -->
<testsuite hostname="DESKTOP-OM7JNCE" failures="0" tests="1" name="BasicRequest.featchDataFormComplexJson" time="67.523" errors="0" timestamp="2023-06-27T16:39:27 IST" skipped="0">
  <testcase classname="BasicRequest.featchDataFormComplexJson" name="getUserId" time="67.523"/>
  <system-out/>
</testsuite> <!-- BasicRequest.featchDataFormComplexJson -->
