<?xml version="1.0" encoding="UTF-8"?>
<!-- Generated by org.testng.reporters.JUnitReportReporter -->
<testsuite hostname="DESKTOP-OM7JNCE" failures="0" tests="1" name="SerializationDeserialization.CreateNewUser" time="6.191" errors="0" timestamp="2023-09-14T10:54:55 IST" skipped="0">
  <testcase classname="SerializationDeserialization.CreateNewUser" name="createNewUser" time="6.191"/>
  <system-out/>
</testsuite> <!-- SerializationDeserialization.CreateNewUser -->
