<?xml version="1.0" encoding="UTF-8"?>
<!-- Generated by org.testng.reporters.JUnitReportReporter -->
<testsuite hostname="DESKTOP-OM7JNCE" failures="0" tests="4" name="com.spotiffy.test.spotifyTestWithReuseableMethod" time="4.530" errors="0" timestamp="2023-09-20T23:33:49 IST" skipped="3">
  <testcase classname="com.spotiffy.test.spotifyTestWithReuseableMethod" name="shouldNotBeAuthorised" time="4.530"/>
  <system-out/>
  <testcase classname="com.spotiffy.test.spotifyTestWithReuseableMethod" name="updatePlaylist">
    <skipped/>
  </testcase> <!-- updatePlaylist -->
  <system-out/>
  <testcase classname="com.spotiffy.test.spotifyTestWithReuseableMethod" name="getPlaylist">
    <skipped/>
  </testcase> <!-- getPlaylist -->
  <system-out/>
  <testcase classname="com.spotiffy.test.spotifyTestWithReuseableMethod" name="creatPlaylist">
    <skipped/>
  </testcase> <!-- creatPlaylist -->
  <system-out/>
</testsuite> <!-- com.spotiffy.test.spotifyTestWithReuseableMethod -->
