<?xml version="1.0" encoding="UTF-8"?>
<!-- Generated by org.testng.reporters.JUnitReportReporter -->
<testsuite hostname="DESKTOP-OM7JNCE" failures="0" tests="1" name="com.spotiffy.test.CreatePlaylistWithReqResSpec" time="8.031" errors="0" timestamp="2023-09-20T13:59:44 IST" skipped="0">
  <testcase classname="com.spotiffy.test.CreatePlaylistWithReqResSpec" name="createPlaylist" time="8.031"/>
  <system-out/>
</testsuite> <!-- com.spotiffy.test.CreatePlaylistWithReqResSpec -->
