<?xml version="1.0" encoding="UTF-8"?>
<!-- Generated by org.testng.reporters.JUnitReportReporter -->
<testsuite hostname="DESKTOP-OM7JNCE" failures="0" tests="1" name="SerializationDeserialization.GetUser" time="4.333" errors="0" timestamp="2023-09-14T11:08:53 IST" skipped="0">
  <testcase classname="SerializationDeserialization.GetUser" name="getUser" time="4.333"/>
  <system-out/>
</testsuite> <!-- SerializationDeserialization.GetUser -->
