<?xml version="1.0" encoding="UTF-8"?>
<!-- Generated by org.testng.reporters.JUnitReportReporter -->
<testsuite hostname="DESKTOP-OM7JNCE" failures="0" tests="1" name="AuthoraizationSchme.BearerToken_GetRepo" time="5.022" errors="0" timestamp="2023-09-18T15:52:19 IST" skipped="0">
  <testcase classname="AuthoraizationSchme.BearerToken_GetRepo" name="getAllRepo" time="5.022"/>
  <system-out/>
</testsuite> <!-- AuthoraizationSchme.BearerToken_GetRepo -->
