<?xml version="1.0" encoding="UTF-8"?>
<!-- Generated by org.testng.reporters.JUnitReportReporter -->
<testsuite hostname="DESKTOP-OM7JNCE" failures="0" tests="2" name="BasicRequest.CreateNewUseronSwagger" time="7.449" errors="0" timestamp="2023-09-11T08:55:27 IST" skipped="0">
  <testcase classname="BasicRequest.CreateNewUseronSwagger" name="createNewUser" time="5.610"/>
  <system-out/>
  <testcase classname="BasicRequest.CreateNewUseronSwagger" name="getNewUser" time="1.839"/>
  <system-out/>
</testsuite> <!-- BasicRequest.CreateNewUseronSwagger -->
