<?xml version="1.0" encoding="UTF-8"?>
<!-- Generated by org.testng.reporters.JUnitReportReporter -->
<testsuite hostname="DESKTOP-OM7JNCE" failures="0" tests="1" name="BasicRequest.GET_RequestForSingleUser" time="3.830" errors="0" timestamp="2023-08-24T16:16:09 IST" skipped="0">
  <testcase classname="BasicRequest.GET_RequestForSingleUser" name="getSingleUser" time="3.830"/>
  <system-out/>
</testsuite> <!-- BasicRequest.GET_RequestForSingleUser -->
