<?xml version="1.0" encoding="UTF-8"?>
<!-- Generated by org.testng.reporters.JUnitReportReporter -->
<testsuite hostname="DESKTOP-OM7JNCE" failures="0" tests="1" name="SpotiffyAPI.Change_Playlist_Details" time="4.787" errors="0" timestamp="2023-09-18T20:03:57 IST" skipped="0">
  <testcase classname="SpotiffyAPI.Change_Playlist_Details" name="putChangePlaylistDeatails" time="4.787"/>
  <system-out/>
</testsuite> <!-- SpotiffyAPI.Change_Playlist_Details -->
