<?xml version="1.0" encoding="UTF-8"?>
<!-- Generated by org.testng.reporters.JUnitReportReporter -->
<testsuite hostname="DESKTOP-OM7JNCE" failures="0" tests="1" name="BasicRequest.GET_RequestForAllUser" time="4.539" errors="0" timestamp="2023-09-04T12:03:20 IST" skipped="0">
  <testcase classname="BasicRequest.GET_RequestForAllUser" name="getAllUser" time="4.539"/>
  <system-out/>
</testsuite> <!-- BasicRequest.GET_RequestForAllUser -->
