<?xml version="1.0" encoding="UTF-8"?>
<!-- Generated by org.testng.reporters.JUnitReportReporter -->
<testsuite hostname="DESKTOP-OM7JNCE" failures="0" tests="1" name="AuthoraizationSchme.BasicAuth" time="131.068" errors="0" timestamp="2023-09-18T10:27:36 IST" skipped="0">
  <testcase classname="AuthoraizationSchme.BasicAuth" name="basicAuth" time="131.068"/>
  <system-out/>
</testsuite> <!-- AuthoraizationSchme.BasicAuth -->
