<?xml version="1.0" encoding="UTF-8"?>
<!-- Generated by org.testng.reporters.JUnitReportReporter -->
<testsuite hostname="DESKTOP-OM7JNCE" failures="0" tests="1" name="AuthManger.TokenCreator" time="10.291" errors="0" timestamp="2023-09-20T20:55:16 IST" skipped="0">
  <testcase classname="AuthManger.TokenCreator" name="createToken" time="10.291"/>
  <system-out/>
</testsuite> <!-- AuthManger.TokenCreator -->
