<?xml version="1.0" encoding="UTF-8"?>
<!-- Generated by org.testng.reporters.JUnitReportReporter -->
<testsuite hostname="DESKTOP-OM7JNCE" failures="0" tests="1" name="FeatchData.DyanamicDataExtraction" time="5.235" errors="0" timestamp="2023-09-11T09:10:04 IST" skipped="0">
  <testcase classname="FeatchData.DyanamicDataExtraction" name="getAllUser" time="5.235"/>
  <system-out/>
</testsuite> <!-- FeatchData.DyanamicDataExtraction -->
