<?xml version="1.0" encoding="UTF-8"?>
<!-- Generated by org.testng.reporters.JUnitReportReporter -->
<testsuite hostname="DESKTOP-OM7JNCE" failures="0" tests="1" name="PathandQueryParameter.QureyParameter" time="3.285" errors="0" timestamp="2023-07-03T11:36:53 IST" skipped="0">
  <testcase classname="PathandQueryParameter.QureyParameter" name="getPageUser" time="3.285"/>
  <system-out/>
</testsuite> <!-- PathandQueryParameter.QureyParameter -->
