<?xml version="1.0" encoding="UTF-8"?>
<!-- Generated by org.testng.reporters.JUnitReportReporter -->
<testsuite hostname="DESKTOP-OM7JNCE" failures="0" tests="1" name="AsserationUsage.ApplyAsseration" time="6.547" errors="0" timestamp="2023-09-11T11:35:57 IST" skipped="0">
  <testcase classname="AsserationUsage.ApplyAsseration" name="getUserDetails" time="6.547"/>
  <system-out/>
</testsuite> <!-- AsserationUsage.ApplyAsseration -->
