<?xml version="1.0" encoding="UTF-8"?>
<!-- Generated by org.testng.reporters.JUnitReportReporter -->
<testsuite hostname="DESKTOP-OM7JNCE" failures="0" tests="1" name="SendingBodyAsObject.CreateWorkspace" time="9.740" errors="0" timestamp="2023-09-11T17:16:41 IST" skipped="0">
  <testcase classname="SendingBodyAsObject.CreateWorkspace" name="createWorkspace" time="9.740"/>
  <system-out/>
</testsuite> <!-- SendingBodyAsObject.CreateWorkspace -->
