<?xml version="1.0" encoding="UTF-8"?>
<!-- Generated by org.testng.reporters.JUnitReportReporter -->
<testsuite hostname="DESKTOP-OM7JNCE" failures="0" tests="2" name="BasicRequest.GET_Request" time="3.722" errors="0" timestamp="2023-06-23T11:33:56 IST" skipped="0">
  <testcase classname="BasicRequest.GET_Request" name="getSingleUser" time="0.690"/>
  <system-out/>
  <testcase classname="BasicRequest.GET_Request" name="getAllUser" time="3.032"/>
  <system-out/>
</testsuite> <!-- BasicRequest.GET_Request -->
