<?xml version="1.0" encoding="UTF-8"?>
<!-- Generated by org.testng.reporters.JUnitReportReporter -->
<testsuite hostname="DESKTOP-OM7JNCE" failures="0" tests="2" name="SpotiffyAPI.NegativeScienario" time="3.919" errors="0" timestamp="2023-09-18T20:32:23 IST" skipped="1">
  <testcase classname="SpotiffyAPI.NegativeScienario" name="shouldNotBeAuthorised" time="3.919"/>
  <system-out/>
  <testcase classname="SpotiffyAPI.NegativeScienario" name="userShouldNotBeCreatePlaylist">
    <skipped/>
  </testcase> <!-- userShouldNotBeCreatePlaylist -->
  <system-out/>
</testsuite> <!-- SpotiffyAPI.NegativeScienario -->
