<?xml version="1.0" encoding="UTF-8"?>
<!-- Generated by org.testng.reporters.JUnitReportReporter -->
<testsuite hostname="DESKTOP-OM7JNCE" failures="0" tests="1" name="UploadandDownload.DownloadFile" time="5.888" errors="0" timestamp="2023-09-15T10:18:12 IST" skipped="0">
  <testcase classname="UploadandDownload.DownloadFile" name="getDownload" time="5.888"/>
  <system-out/>
</testsuite> <!-- UploadandDownload.DownloadFile -->
