<?xml version="1.0" encoding="UTF-8"?>
<!-- Generated by org.testng.reporters.JUnitReportReporter -->
<testsuite hostname="DESKTOP-OM7JNCE" failures="0" tests="2" name="BasicRequest.GET_RequestForUser" time="134.654" errors="0" timestamp="2023-06-27T20:33:35 IST" skipped="0">
  <testcase classname="BasicRequest.GET_RequestForUser" name="getSingleUser" time="67.582"/>
  <system-out/>
  <testcase classname="BasicRequest.GET_RequestForUser" name="getAllUser" time="67.072"/>
  <system-out/>
</testsuite> <!-- BasicRequest.GET_RequestForUser -->
