<?xml version="1.0" encoding="UTF-8"?>
<!-- Generated by org.testng.reporters.JUnitReportReporter -->
<testsuite hostname="DESKTOP-OM7JNCE" failures="0" tests="1" name="FeatchData.GetTheSpecificData" time="5.275" errors="0" timestamp="2023-09-11T09:07:58 IST" skipped="0">
  <testcase classname="FeatchData.GetTheSpecificData" name="getAllUser" time="5.275"/>
  <system-out/>
</testsuite> <!-- FeatchData.GetTheSpecificData -->
