<?xml version="1.0" encoding="UTF-8"?>
<!-- Generated by org.testng.reporters.JUnitReportReporter -->
<testsuite hostname="DESKTOP-OM7JNCE" failures="0" tests="1" name="ReqAndRepSpecBulilder.LogAllMethod" time="5.737" errors="0" timestamp="2023-09-11T11:47:22 IST" skipped="0">
  <testcase classname="ReqAndRepSpecBulilder.LogAllMethod" name="getAllWorkspace" time="5.737"/>
  <system-out/>
</testsuite> <!-- ReqAndRepSpecBulilder.LogAllMethod -->
