<?xml version="1.0" encoding="UTF-8"?>
<!-- Generated by org.testng.reporters.JUnitReportReporter -->
<testsuite hostname="DESKTOP-OM7JNCE" failures="0" tests="1" name="SendingBodyAsObject.Post_Mock_Request" time="5.020" errors="0" timestamp="2023-09-11T23:37:52 IST" skipped="0">
  <testcase classname="SendingBodyAsObject.Post_Mock_Request" name="postRequest" time="5.020"/>
  <system-out/>
</testsuite> <!-- SendingBodyAsObject.Post_Mock_Request -->
