<?xml version="1.0" encoding="UTF-8"?>
<!-- Generated by org.testng.reporters.JUnitReportReporter -->
<testsuite hostname="DESKTOP-OM7JNCE" failures="0" tests="2" name="PathandQueryParameter.QueryParameter" time="4.662" errors="0" timestamp="2023-09-11T16:12:04 IST" skipped="1">
  <testcase classname="PathandQueryParameter.QueryParameter" name="getReqWithMultipalParameter" time="4.662"/>
  <system-out/>
  <testcase classname="PathandQueryParameter.QueryParameter" name="getPageUser">
    <skipped/>
  </testcase> <!-- getPageUser -->
  <system-out/>
</testsuite> <!-- PathandQueryParameter.QueryParameter -->
